[04-04 22:05:33]: [INFO] SQLite Setup finished
[04-04 22:05:33]: [INFO] Hooked into Vault!
[04-04 22:05:33]: [INFO] Hooked successfully into Essentials
[04-04 22:05:33]: [INFO] Hooked successfully into Multiverse-Core
[04-04 22:05:33]: [INFO] AuthMe 5.6.0-SNAPSHOT build n.2229 correctly enabled!
[04-04 22:05:38]: [INFO] Downloading GEO IP database, because the old database is older than 30 days or doesn't exist
[04-04 22:05:38]: [WARN] Could not download GeoLiteAPI database [UnknownHostException]: geolite.maxmind.com
[04-04 22:05:38]: java.net.UnknownHostException: geolite.maxmind.com
	at java.net.AbstractPlainSocketImpl.connect(Unknown Source)
	at java.net.PlainSocketImpl.connect(Unknown Source)
	at java.net.SocksSocketImpl.connect(Unknown Source)
	at java.net.Socket.connect(Unknown Source)
	at sun.security.ssl.SSLSocketImpl.connect(Unknown Source)
	at sun.security.ssl.BaseSSLSocketImpl.connect(Unknown Source)
	at sun.net.NetworkClient.doConnect(Unknown Source)
	at sun.net.www.http.HttpClient.openServer(Unknown Source)
	at sun.net.www.http.HttpClient.openServer(Unknown Source)
	at sun.net.www.protocol.https.HttpsClient.<init>(Unknown Source)
	at sun.net.www.protocol.https.HttpsClient.New(Unknown Source)
	at sun.net.www.protocol.https.AbstractDelegateHttpsURLConnection.getNewHttpClient(Unknown Source)
	at sun.net.www.protocol.http.HttpURLConnection.plainConnect0(Unknown Source)
	at sun.net.www.protocol.http.HttpURLConnection.plainConnect(Unknown Source)
	at sun.net.www.protocol.https.AbstractDelegateHttpsURLConnection.connect(Unknown Source)
	at sun.net.www.protocol.http.HttpURLConnection.getInputStream0(Unknown Source)
	at sun.net.www.protocol.http.HttpURLConnection.getInputStream(Unknown Source)
	at java.net.HttpURLConnection.getResponseCode(Unknown Source)
	at sun.net.www.protocol.https.HttpsURLConnectionImpl.getResponseCode(Unknown Source)
	at fr.xephi.authme.service.GeoIpService.downloadDatabaseArchive(GeoIpService.java:191)
	at fr.xephi.authme.service.GeoIpService.downloadDatabaseArchive(GeoIpService.java:214)
	at fr.xephi.authme.service.GeoIpService.updateDatabase(GeoIpService.java:140)
	at org.bukkit.craftbukkit.v1_16_R3.scheduler.CraftTask.run(CraftTask.java:100)
	at org.bukkit.craftbukkit.v1_16_R3.scheduler.CraftAsyncTask.run(CraftAsyncTask.java:54)
	at com.destroystokyo.paper.ServerSchedulerReportingWrapper.run(ServerSchedulerReportingWrapper.java:22)
	at java.util.concurrent.ThreadPoolExecutor.runWorker(Unknown Source)
	at java.util.concurrent.ThreadPoolExecutor$Worker.run(Unknown Source)
	at java.lang.Thread.run(Unknown Source)

[04-04 22:25:07]: [INFO] SQLite Setup finished
[04-04 22:25:07]: [INFO] Hooked into Vault!
[04-04 22:25:07]: [INFO] Hooked successfully into Essentials
[04-04 22:25:07]: [INFO] Hooked successfully into Multiverse-Core
[04-04 22:25:07]: [INFO] AuthMe 5.6.0-SNAPSHOT build n.2229 correctly enabled!
[04-04 22:25:10]: [INFO] Downloading GEO IP database, because the old database is older than 30 days or doesn't exist
[04-04 22:25:10]: [WARN] Could not download GeoLiteAPI database [UnknownHostException]: geolite.maxmind.com
[04-04 22:25:10]: java.net.UnknownHostException: geolite.maxmind.com
	at java.net.AbstractPlainSocketImpl.connect(Unknown Source)
	at java.net.PlainSocketImpl.connect(Unknown Source)
	at java.net.SocksSocketImpl.connect(Unknown Source)
	at java.net.Socket.connect(Unknown Source)
	at sun.security.ssl.SSLSocketImpl.connect(Unknown Source)
	at sun.security.ssl.BaseSSLSocketImpl.connect(Unknown Source)
	at sun.net.NetworkClient.doConnect(Unknown Source)
	at sun.net.www.http.HttpClient.openServer(Unknown Source)
	at sun.net.www.http.HttpClient.openServer(Unknown Source)
	at sun.net.www.protocol.https.HttpsClient.<init>(Unknown Source)
	at sun.net.www.protocol.https.HttpsClient.New(Unknown Source)
	at sun.net.www.protocol.https.AbstractDelegateHttpsURLConnection.getNewHttpClient(Unknown Source)
	at sun.net.www.protocol.http.HttpURLConnection.plainConnect0(Unknown Source)
	at sun.net.www.protocol.http.HttpURLConnection.plainConnect(Unknown Source)
	at sun.net.www.protocol.https.AbstractDelegateHttpsURLConnection.connect(Unknown Source)
	at sun.net.www.protocol.http.HttpURLConnection.getInputStream0(Unknown Source)
	at sun.net.www.protocol.http.HttpURLConnection.getInputStream(Unknown Source)
	at java.net.HttpURLConnection.getResponseCode(Unknown Source)
	at sun.net.www.protocol.https.HttpsURLConnectionImpl.getResponseCode(Unknown Source)
	at fr.xephi.authme.service.GeoIpService.downloadDatabaseArchive(GeoIpService.java:191)
	at fr.xephi.authme.service.GeoIpService.downloadDatabaseArchive(GeoIpService.java:214)
	at fr.xephi.authme.service.GeoIpService.updateDatabase(GeoIpService.java:140)
	at org.bukkit.craftbukkit.v1_16_R3.scheduler.CraftTask.run(CraftTask.java:100)
	at org.bukkit.craftbukkit.v1_16_R3.scheduler.CraftAsyncTask.run(CraftAsyncTask.java:54)
	at com.destroystokyo.paper.ServerSchedulerReportingWrapper.run(ServerSchedulerReportingWrapper.java:22)
	at java.util.concurrent.ThreadPoolExecutor.runWorker(Unknown Source)
	at java.util.concurrent.ThreadPoolExecutor$Worker.run(Unknown Source)
	at java.lang.Thread.run(Unknown Source)

[04-04 22:26:53]: [INFO] SQLite Setup finished
[04-04 22:26:53]: [INFO] Hooked into Vault!
[04-04 22:26:53]: [INFO] Hooked successfully into Essentials
[04-04 22:26:53]: [INFO] Hooked successfully into Multiverse-Core
[04-04 22:26:53]: [INFO] AuthMe 5.6.0-SNAPSHOT build n.2229 correctly enabled!
[04-04 22:26:56]: [INFO] Downloading GEO IP database, because the old database is older than 30 days or doesn't exist
[04-04 22:26:56]: [WARN] Could not download GeoLiteAPI database [UnknownHostException]: geolite.maxmind.com
[04-04 22:26:56]: java.net.UnknownHostException: geolite.maxmind.com
	at java.net.AbstractPlainSocketImpl.connect(Unknown Source)
	at java.net.PlainSocketImpl.connect(Unknown Source)
	at java.net.SocksSocketImpl.connect(Unknown Source)
	at java.net.Socket.connect(Unknown Source)
	at sun.security.ssl.SSLSocketImpl.connect(Unknown Source)
	at sun.security.ssl.BaseSSLSocketImpl.connect(Unknown Source)
	at sun.net.NetworkClient.doConnect(Unknown Source)
	at sun.net.www.http.HttpClient.openServer(Unknown Source)
	at sun.net.www.http.HttpClient.openServer(Unknown Source)
	at sun.net.www.protocol.https.HttpsClient.<init>(Unknown Source)
	at sun.net.www.protocol.https.HttpsClient.New(Unknown Source)
	at sun.net.www.protocol.https.AbstractDelegateHttpsURLConnection.getNewHttpClient(Unknown Source)
	at sun.net.www.protocol.http.HttpURLConnection.plainConnect0(Unknown Source)
	at sun.net.www.protocol.http.HttpURLConnection.plainConnect(Unknown Source)
	at sun.net.www.protocol.https.AbstractDelegateHttpsURLConnection.connect(Unknown Source)
	at sun.net.www.protocol.http.HttpURLConnection.getInputStream0(Unknown Source)
	at sun.net.www.protocol.http.HttpURLConnection.getInputStream(Unknown Source)
	at java.net.HttpURLConnection.getResponseCode(Unknown Source)
	at sun.net.www.protocol.https.HttpsURLConnectionImpl.getResponseCode(Unknown Source)
	at fr.xephi.authme.service.GeoIpService.downloadDatabaseArchive(GeoIpService.java:191)
	at fr.xephi.authme.service.GeoIpService.downloadDatabaseArchive(GeoIpService.java:214)
	at fr.xephi.authme.service.GeoIpService.updateDatabase(GeoIpService.java:140)
	at org.bukkit.craftbukkit.v1_16_R3.scheduler.CraftTask.run(CraftTask.java:100)
	at org.bukkit.craftbukkit.v1_16_R3.scheduler.CraftAsyncTask.run(CraftAsyncTask.java:54)
	at com.destroystokyo.paper.ServerSchedulerReportingWrapper.run(ServerSchedulerReportingWrapper.java:22)
	at java.util.concurrent.ThreadPoolExecutor.runWorker(Unknown Source)
	at java.util.concurrent.ThreadPoolExecutor$Worker.run(Unknown Source)
	at java.lang.Thread.run(Unknown Source)

[04-04 22:30:46]: [INFO] SQLite Setup finished
[04-04 22:30:46]: [INFO] Hooked into Vault!
[04-04 22:30:46]: [INFO] Hooked successfully into Essentials
[04-04 22:30:46]: [INFO] Hooked successfully into Multiverse-Core
[04-04 22:30:46]: [INFO] AuthMe 5.6.0-SNAPSHOT build n.2229 correctly enabled!
[04-04 22:30:50]: [INFO] Downloading GEO IP database, because the old database is older than 30 days or doesn't exist
[04-04 22:30:50]: [WARN] Could not download GeoLiteAPI database [UnknownHostException]: geolite.maxmind.com
[04-04 22:30:50]: java.net.UnknownHostException: geolite.maxmind.com
	at java.net.AbstractPlainSocketImpl.connect(Unknown Source)
	at java.net.PlainSocketImpl.connect(Unknown Source)
	at java.net.SocksSocketImpl.connect(Unknown Source)
	at java.net.Socket.connect(Unknown Source)
	at sun.security.ssl.SSLSocketImpl.connect(Unknown Source)
	at sun.security.ssl.BaseSSLSocketImpl.connect(Unknown Source)
	at sun.net.NetworkClient.doConnect(Unknown Source)
	at sun.net.www.http.HttpClient.openServer(Unknown Source)
	at sun.net.www.http.HttpClient.openServer(Unknown Source)
	at sun.net.www.protocol.https.HttpsClient.<init>(Unknown Source)
	at sun.net.www.protocol.https.HttpsClient.New(Unknown Source)
	at sun.net.www.protocol.https.AbstractDelegateHttpsURLConnection.getNewHttpClient(Unknown Source)
	at sun.net.www.protocol.http.HttpURLConnection.plainConnect0(Unknown Source)
	at sun.net.www.protocol.http.HttpURLConnection.plainConnect(Unknown Source)
	at sun.net.www.protocol.https.AbstractDelegateHttpsURLConnection.connect(Unknown Source)
	at sun.net.www.protocol.http.HttpURLConnection.getInputStream0(Unknown Source)
	at sun.net.www.protocol.http.HttpURLConnection.getInputStream(Unknown Source)
	at java.net.HttpURLConnection.getResponseCode(Unknown Source)
	at sun.net.www.protocol.https.HttpsURLConnectionImpl.getResponseCode(Unknown Source)
	at fr.xephi.authme.service.GeoIpService.downloadDatabaseArchive(GeoIpService.java:191)
	at fr.xephi.authme.service.GeoIpService.downloadDatabaseArchive(GeoIpService.java:214)
	at fr.xephi.authme.service.GeoIpService.updateDatabase(GeoIpService.java:140)
	at org.bukkit.craftbukkit.v1_16_R3.scheduler.CraftTask.run(CraftTask.java:100)
	at org.bukkit.craftbukkit.v1_16_R3.scheduler.CraftAsyncTask.run(CraftAsyncTask.java:54)
	at com.destroystokyo.paper.ServerSchedulerReportingWrapper.run(ServerSchedulerReportingWrapper.java:22)
	at java.util.concurrent.ThreadPoolExecutor.runWorker(Unknown Source)
	at java.util.concurrent.ThreadPoolExecutor$Worker.run(Unknown Source)
	at java.lang.Thread.run(Unknown Source)

[04-04 22:42:13]: [INFO] SQLite Setup finished
[04-04 22:42:13]: [INFO] Hooked into Vault!
[04-04 22:42:13]: [INFO] Hooked successfully into Essentials
[04-04 22:42:13]: [INFO] Hooked successfully into Multiverse-Core
[04-04 22:42:13]: [INFO] AuthMe 5.6.0-SNAPSHOT build n.2229 correctly enabled!
[04-04 22:42:16]: [INFO] Downloading GEO IP database, because the old database is older than 30 days or doesn't exist
[04-04 22:42:16]: [WARN] Could not download GeoLiteAPI database [UnknownHostException]: geolite.maxmind.com
[04-04 22:42:16]: java.net.UnknownHostException: geolite.maxmind.com
	at java.net.AbstractPlainSocketImpl.connect(Unknown Source)
	at java.net.PlainSocketImpl.connect(Unknown Source)
	at java.net.SocksSocketImpl.connect(Unknown Source)
	at java.net.Socket.connect(Unknown Source)
	at sun.security.ssl.SSLSocketImpl.connect(Unknown Source)
	at sun.security.ssl.BaseSSLSocketImpl.connect(Unknown Source)
	at sun.net.NetworkClient.doConnect(Unknown Source)
	at sun.net.www.http.HttpClient.openServer(Unknown Source)
	at sun.net.www.http.HttpClient.openServer(Unknown Source)
	at sun.net.www.protocol.https.HttpsClient.<init>(Unknown Source)
	at sun.net.www.protocol.https.HttpsClient.New(Unknown Source)
	at sun.net.www.protocol.https.AbstractDelegateHttpsURLConnection.getNewHttpClient(Unknown Source)
	at sun.net.www.protocol.http.HttpURLConnection.plainConnect0(Unknown Source)
	at sun.net.www.protocol.http.HttpURLConnection.plainConnect(Unknown Source)
	at sun.net.www.protocol.https.AbstractDelegateHttpsURLConnection.connect(Unknown Source)
	at sun.net.www.protocol.http.HttpURLConnection.getInputStream0(Unknown Source)
	at sun.net.www.protocol.http.HttpURLConnection.getInputStream(Unknown Source)
	at java.net.HttpURLConnection.getResponseCode(Unknown Source)
	at sun.net.www.protocol.https.HttpsURLConnectionImpl.getResponseCode(Unknown Source)
	at fr.xephi.authme.service.GeoIpService.downloadDatabaseArchive(GeoIpService.java:191)
	at fr.xephi.authme.service.GeoIpService.downloadDatabaseArchive(GeoIpService.java:214)
	at fr.xephi.authme.service.GeoIpService.updateDatabase(GeoIpService.java:140)
	at org.bukkit.craftbukkit.v1_16_R3.scheduler.CraftTask.run(CraftTask.java:100)
	at org.bukkit.craftbukkit.v1_16_R3.scheduler.CraftAsyncTask.run(CraftAsyncTask.java:54)
	at com.destroystokyo.paper.ServerSchedulerReportingWrapper.run(ServerSchedulerReportingWrapper.java:22)
	at java.util.concurrent.ThreadPoolExecutor.runWorker(Unknown Source)
	at java.util.concurrent.ThreadPoolExecutor$Worker.run(Unknown Source)
	at java.lang.Thread.run(Unknown Source)

[04-04 22:45:53]: [INFO] SQLite Setup finished
[04-04 22:45:53]: [INFO] Hooked into Vault!
[04-04 22:45:53]: [INFO] Hooked successfully into Essentials
[04-04 22:45:53]: [INFO] Hooked successfully into Multiverse-Core
[04-04 22:45:53]: [INFO] AuthMe 5.6.0-SNAPSHOT build n.2229 correctly enabled!
[04-04 22:45:56]: [INFO] Downloading GEO IP database, because the old database is older than 30 days or doesn't exist
[04-04 22:45:56]: [WARN] Could not download GeoLiteAPI database [UnknownHostException]: geolite.maxmind.com
[04-04 22:45:56]: java.net.UnknownHostException: geolite.maxmind.com
	at java.net.AbstractPlainSocketImpl.connect(Unknown Source)
	at java.net.PlainSocketImpl.connect(Unknown Source)
	at java.net.SocksSocketImpl.connect(Unknown Source)
	at java.net.Socket.connect(Unknown Source)
	at sun.security.ssl.SSLSocketImpl.connect(Unknown Source)
	at sun.security.ssl.BaseSSLSocketImpl.connect(Unknown Source)
	at sun.net.NetworkClient.doConnect(Unknown Source)
	at sun.net.www.http.HttpClient.openServer(Unknown Source)
	at sun.net.www.http.HttpClient.openServer(Unknown Source)
	at sun.net.www.protocol.https.HttpsClient.<init>(Unknown Source)
	at sun.net.www.protocol.https.HttpsClient.New(Unknown Source)
	at sun.net.www.protocol.https.AbstractDelegateHttpsURLConnection.getNewHttpClient(Unknown Source)
	at sun.net.www.protocol.http.HttpURLConnection.plainConnect0(Unknown Source)
	at sun.net.www.protocol.http.HttpURLConnection.plainConnect(Unknown Source)
	at sun.net.www.protocol.https.AbstractDelegateHttpsURLConnection.connect(Unknown Source)
	at sun.net.www.protocol.http.HttpURLConnection.getInputStream0(Unknown Source)
	at sun.net.www.protocol.http.HttpURLConnection.getInputStream(Unknown Source)
	at java.net.HttpURLConnection.getResponseCode(Unknown Source)
	at sun.net.www.protocol.https.HttpsURLConnectionImpl.getResponseCode(Unknown Source)
	at fr.xephi.authme.service.GeoIpService.downloadDatabaseArchive(GeoIpService.java:191)
	at fr.xephi.authme.service.GeoIpService.downloadDatabaseArchive(GeoIpService.java:214)
	at fr.xephi.authme.service.GeoIpService.updateDatabase(GeoIpService.java:140)
	at org.bukkit.craftbukkit.v1_16_R3.scheduler.CraftTask.run(CraftTask.java:100)
	at org.bukkit.craftbukkit.v1_16_R3.scheduler.CraftAsyncTask.run(CraftAsyncTask.java:54)
	at com.destroystokyo.paper.ServerSchedulerReportingWrapper.run(ServerSchedulerReportingWrapper.java:22)
	at java.util.concurrent.ThreadPoolExecutor.runWorker(Unknown Source)
	at java.util.concurrent.ThreadPoolExecutor$Worker.run(Unknown Source)
	at java.lang.Thread.run(Unknown Source)

[04-04 22:48:19]: [INFO] SQLite Setup finished
[04-04 22:48:19]: [INFO] Hooked into Vault!
[04-04 22:48:19]: [INFO] Hooked successfully into Essentials
[04-04 22:48:19]: [INFO] Hooked successfully into Multiverse-Core
[04-04 22:48:19]: [INFO] AuthMe 5.6.0-SNAPSHOT build n.2229 correctly enabled!
[04-04 22:48:22]: [INFO] Downloading GEO IP database, because the old database is older than 30 days or doesn't exist
[04-04 22:48:22]: [WARN] Could not download GeoLiteAPI database [UnknownHostException]: geolite.maxmind.com
[04-04 22:48:22]: java.net.UnknownHostException: geolite.maxmind.com
	at java.net.AbstractPlainSocketImpl.connect(Unknown Source)
	at java.net.PlainSocketImpl.connect(Unknown Source)
	at java.net.SocksSocketImpl.connect(Unknown Source)
	at java.net.Socket.connect(Unknown Source)
	at sun.security.ssl.SSLSocketImpl.connect(Unknown Source)
	at sun.security.ssl.BaseSSLSocketImpl.connect(Unknown Source)
	at sun.net.NetworkClient.doConnect(Unknown Source)
	at sun.net.www.http.HttpClient.openServer(Unknown Source)
	at sun.net.www.http.HttpClient.openServer(Unknown Source)
	at sun.net.www.protocol.https.HttpsClient.<init>(Unknown Source)
	at sun.net.www.protocol.https.HttpsClient.New(Unknown Source)
	at sun.net.www.protocol.https.AbstractDelegateHttpsURLConnection.getNewHttpClient(Unknown Source)
	at sun.net.www.protocol.http.HttpURLConnection.plainConnect0(Unknown Source)
	at sun.net.www.protocol.http.HttpURLConnection.plainConnect(Unknown Source)
	at sun.net.www.protocol.https.AbstractDelegateHttpsURLConnection.connect(Unknown Source)
	at sun.net.www.protocol.http.HttpURLConnection.getInputStream0(Unknown Source)
	at sun.net.www.protocol.http.HttpURLConnection.getInputStream(Unknown Source)
	at java.net.HttpURLConnection.getResponseCode(Unknown Source)
	at sun.net.www.protocol.https.HttpsURLConnectionImpl.getResponseCode(Unknown Source)
	at fr.xephi.authme.service.GeoIpService.downloadDatabaseArchive(GeoIpService.java:191)
	at fr.xephi.authme.service.GeoIpService.downloadDatabaseArchive(GeoIpService.java:214)
	at fr.xephi.authme.service.GeoIpService.updateDatabase(GeoIpService.java:140)
	at org.bukkit.craftbukkit.v1_16_R3.scheduler.CraftTask.run(CraftTask.java:100)
	at org.bukkit.craftbukkit.v1_16_R3.scheduler.CraftAsyncTask.run(CraftAsyncTask.java:54)
	at com.destroystokyo.paper.ServerSchedulerReportingWrapper.run(ServerSchedulerReportingWrapper.java:22)
	at java.util.concurrent.ThreadPoolExecutor.runWorker(Unknown Source)
	at java.util.concurrent.ThreadPoolExecutor$Worker.run(Unknown Source)
	at java.lang.Thread.run(Unknown Source)

[04-04 22:56:40]: [INFO] SQLite Setup finished
[04-04 22:56:40]: [INFO] Hooked into Vault!
[04-04 22:56:40]: [INFO] Hooked successfully into Essentials
[04-04 22:56:40]: [INFO] Hooked successfully into Multiverse-Core
[04-04 22:56:40]: [INFO] AuthMe 5.6.0-SNAPSHOT build n.2229 correctly enabled!
[04-04 22:56:44]: [INFO] Downloading GEO IP database, because the old database is older than 30 days or doesn't exist
[04-04 22:56:44]: [WARN] Could not download GeoLiteAPI database [UnknownHostException]: geolite.maxmind.com
[04-04 22:56:44]: java.net.UnknownHostException: geolite.maxmind.com
	at java.net.AbstractPlainSocketImpl.connect(Unknown Source)
	at java.net.PlainSocketImpl.connect(Unknown Source)
	at java.net.SocksSocketImpl.connect(Unknown Source)
	at java.net.Socket.connect(Unknown Source)
	at sun.security.ssl.SSLSocketImpl.connect(Unknown Source)
	at sun.security.ssl.BaseSSLSocketImpl.connect(Unknown Source)
	at sun.net.NetworkClient.doConnect(Unknown Source)
	at sun.net.www.http.HttpClient.openServer(Unknown Source)
	at sun.net.www.http.HttpClient.openServer(Unknown Source)
	at sun.net.www.protocol.https.HttpsClient.<init>(Unknown Source)
	at sun.net.www.protocol.https.HttpsClient.New(Unknown Source)
	at sun.net.www.protocol.https.AbstractDelegateHttpsURLConnection.getNewHttpClient(Unknown Source)
	at sun.net.www.protocol.http.HttpURLConnection.plainConnect0(Unknown Source)
	at sun.net.www.protocol.http.HttpURLConnection.plainConnect(Unknown Source)
	at sun.net.www.protocol.https.AbstractDelegateHttpsURLConnection.connect(Unknown Source)
	at sun.net.www.protocol.http.HttpURLConnection.getInputStream0(Unknown Source)
	at sun.net.www.protocol.http.HttpURLConnection.getInputStream(Unknown Source)
	at java.net.HttpURLConnection.getResponseCode(Unknown Source)
	at sun.net.www.protocol.https.HttpsURLConnectionImpl.getResponseCode(Unknown Source)
	at fr.xephi.authme.service.GeoIpService.downloadDatabaseArchive(GeoIpService.java:191)
	at fr.xephi.authme.service.GeoIpService.downloadDatabaseArchive(GeoIpService.java:214)
	at fr.xephi.authme.service.GeoIpService.updateDatabase(GeoIpService.java:140)
	at org.bukkit.craftbukkit.v1_16_R3.scheduler.CraftTask.run(CraftTask.java:100)
	at org.bukkit.craftbukkit.v1_16_R3.scheduler.CraftAsyncTask.run(CraftAsyncTask.java:54)
	at com.destroystokyo.paper.ServerSchedulerReportingWrapper.run(ServerSchedulerReportingWrapper.java:22)
	at java.util.concurrent.ThreadPoolExecutor.runWorker(Unknown Source)
	at java.util.concurrent.ThreadPoolExecutor$Worker.run(Unknown Source)
	at java.lang.Thread.run(Unknown Source)

[04-04 22:57:12]: [INFO] SQLite Setup finished
[04-04 22:57:12]: [INFO] Hooked into Vault!
[04-04 22:57:12]: [INFO] Hooked successfully into Essentials
[04-04 22:57:12]: [INFO] Hooked successfully into Multiverse-Core
[04-04 22:57:12]: [INFO] AuthMe 5.6.0-SNAPSHOT build n.2229 correctly enabled!
[04-04 22:57:15]: [INFO] Downloading GEO IP database, because the old database is older than 30 days or doesn't exist
[04-04 22:57:15]: [WARN] Could not download GeoLiteAPI database [UnknownHostException]: geolite.maxmind.com
[04-04 22:57:15]: java.net.UnknownHostException: geolite.maxmind.com
	at java.net.AbstractPlainSocketImpl.connect(Unknown Source)
	at java.net.PlainSocketImpl.connect(Unknown Source)
	at java.net.SocksSocketImpl.connect(Unknown Source)
	at java.net.Socket.connect(Unknown Source)
	at sun.security.ssl.SSLSocketImpl.connect(Unknown Source)
	at sun.security.ssl.BaseSSLSocketImpl.connect(Unknown Source)
	at sun.net.NetworkClient.doConnect(Unknown Source)
	at sun.net.www.http.HttpClient.openServer(Unknown Source)
	at sun.net.www.http.HttpClient.openServer(Unknown Source)
	at sun.net.www.protocol.https.HttpsClient.<init>(Unknown Source)
	at sun.net.www.protocol.https.HttpsClient.New(Unknown Source)
	at sun.net.www.protocol.https.AbstractDelegateHttpsURLConnection.getNewHttpClient(Unknown Source)
	at sun.net.www.protocol.http.HttpURLConnection.plainConnect0(Unknown Source)
	at sun.net.www.protocol.http.HttpURLConnection.plainConnect(Unknown Source)
	at sun.net.www.protocol.https.AbstractDelegateHttpsURLConnection.connect(Unknown Source)
	at sun.net.www.protocol.http.HttpURLConnection.getInputStream0(Unknown Source)
	at sun.net.www.protocol.http.HttpURLConnection.getInputStream(Unknown Source)
	at java.net.HttpURLConnection.getResponseCode(Unknown Source)
	at sun.net.www.protocol.https.HttpsURLConnectionImpl.getResponseCode(Unknown Source)
	at fr.xephi.authme.service.GeoIpService.downloadDatabaseArchive(GeoIpService.java:191)
	at fr.xephi.authme.service.GeoIpService.downloadDatabaseArchive(GeoIpService.java:214)
	at fr.xephi.authme.service.GeoIpService.updateDatabase(GeoIpService.java:140)
	at org.bukkit.craftbukkit.v1_16_R3.scheduler.CraftTask.run(CraftTask.java:100)
	at org.bukkit.craftbukkit.v1_16_R3.scheduler.CraftAsyncTask.run(CraftAsyncTask.java:54)
	at com.destroystokyo.paper.ServerSchedulerReportingWrapper.run(ServerSchedulerReportingWrapper.java:22)
	at java.util.concurrent.ThreadPoolExecutor.runWorker(Unknown Source)
	at java.util.concurrent.ThreadPoolExecutor$Worker.run(Unknown Source)
	at java.lang.Thread.run(Unknown Source)

[04-04 23:00:07]: [INFO] SQLite Setup finished
[04-04 23:00:07]: [INFO] Hooked into Vault!
[04-04 23:00:07]: [INFO] Hooked successfully into Essentials
[04-04 23:00:07]: [INFO] Hooked successfully into Multiverse-Core
[04-04 23:00:07]: [INFO] Essentials spawn file not found: 'C:\Users\ice41\Desktop\cenas\update 1.16.5\plugins\Essentials\spawn.yml'
[04-04 23:00:07]: [INFO] AuthMe 5.6.0-SNAPSHOT build n.2229 correctly enabled!
[04-04 23:00:11]: [INFO] Downloading GEO IP database, because the old database is older than 30 days or doesn't exist
[04-04 23:00:11]: [WARN] Could not download GeoLiteAPI database [UnknownHostException]: geolite.maxmind.com
[04-04 23:00:11]: java.net.UnknownHostException: geolite.maxmind.com
	at java.net.AbstractPlainSocketImpl.connect(Unknown Source)
	at java.net.PlainSocketImpl.connect(Unknown Source)
	at java.net.SocksSocketImpl.connect(Unknown Source)
	at java.net.Socket.connect(Unknown Source)
	at sun.security.ssl.SSLSocketImpl.connect(Unknown Source)
	at sun.security.ssl.BaseSSLSocketImpl.connect(Unknown Source)
	at sun.net.NetworkClient.doConnect(Unknown Source)
	at sun.net.www.http.HttpClient.openServer(Unknown Source)
	at sun.net.www.http.HttpClient.openServer(Unknown Source)
	at sun.net.www.protocol.https.HttpsClient.<init>(Unknown Source)
	at sun.net.www.protocol.https.HttpsClient.New(Unknown Source)
	at sun.net.www.protocol.https.AbstractDelegateHttpsURLConnection.getNewHttpClient(Unknown Source)
	at sun.net.www.protocol.http.HttpURLConnection.plainConnect0(Unknown Source)
	at sun.net.www.protocol.http.HttpURLConnection.plainConnect(Unknown Source)
	at sun.net.www.protocol.https.AbstractDelegateHttpsURLConnection.connect(Unknown Source)
	at sun.net.www.protocol.http.HttpURLConnection.getInputStream0(Unknown Source)
	at sun.net.www.protocol.http.HttpURLConnection.getInputStream(Unknown Source)
	at java.net.HttpURLConnection.getResponseCode(Unknown Source)
	at sun.net.www.protocol.https.HttpsURLConnectionImpl.getResponseCode(Unknown Source)
	at fr.xephi.authme.service.GeoIpService.downloadDatabaseArchive(GeoIpService.java:191)
	at fr.xephi.authme.service.GeoIpService.downloadDatabaseArchive(GeoIpService.java:214)
	at fr.xephi.authme.service.GeoIpService.updateDatabase(GeoIpService.java:140)
	at org.bukkit.craftbukkit.v1_16_R3.scheduler.CraftTask.run(CraftTask.java:100)
	at org.bukkit.craftbukkit.v1_16_R3.scheduler.CraftAsyncTask.run(CraftAsyncTask.java:54)
	at com.destroystokyo.paper.ServerSchedulerReportingWrapper.run(ServerSchedulerReportingWrapper.java:22)
	at java.util.concurrent.ThreadPoolExecutor.runWorker(Unknown Source)
	at java.util.concurrent.ThreadPoolExecutor$Worker.run(Unknown Source)
	at java.lang.Thread.run(Unknown Source)

[04-04 23:02:56]: [INFO] SQLite Setup finished
[04-04 23:02:56]: [INFO] Hooked into Vault!
[04-04 23:02:56]: [INFO] Hooked successfully into Essentials
[04-04 23:02:56]: [INFO] Hooked successfully into Multiverse-Core
[04-04 23:02:56]: [INFO] Essentials spawn file not found: 'C:\Users\ice41\Desktop\cenas\update 1.16.5\plugins\Essentials\spawn.yml'
[04-04 23:02:56]: [INFO] AuthMe 5.6.0-SNAPSHOT build n.2229 correctly enabled!
[04-04 23:03:00]: [INFO] Downloading GEO IP database, because the old database is older than 30 days or doesn't exist
[04-04 23:03:00]: [WARN] Could not download GeoLiteAPI database [UnknownHostException]: geolite.maxmind.com
[04-04 23:03:00]: java.net.UnknownHostException: geolite.maxmind.com
	at java.net.AbstractPlainSocketImpl.connect(Unknown Source)
	at java.net.PlainSocketImpl.connect(Unknown Source)
	at java.net.SocksSocketImpl.connect(Unknown Source)
	at java.net.Socket.connect(Unknown Source)
	at sun.security.ssl.SSLSocketImpl.connect(Unknown Source)
	at sun.security.ssl.BaseSSLSocketImpl.connect(Unknown Source)
	at sun.net.NetworkClient.doConnect(Unknown Source)
	at sun.net.www.http.HttpClient.openServer(Unknown Source)
	at sun.net.www.http.HttpClient.openServer(Unknown Source)
	at sun.net.www.protocol.https.HttpsClient.<init>(Unknown Source)
	at sun.net.www.protocol.https.HttpsClient.New(Unknown Source)
	at sun.net.www.protocol.https.AbstractDelegateHttpsURLConnection.getNewHttpClient(Unknown Source)
	at sun.net.www.protocol.http.HttpURLConnection.plainConnect0(Unknown Source)
	at sun.net.www.protocol.http.HttpURLConnection.plainConnect(Unknown Source)
	at sun.net.www.protocol.https.AbstractDelegateHttpsURLConnection.connect(Unknown Source)
	at sun.net.www.protocol.http.HttpURLConnection.getInputStream0(Unknown Source)
	at sun.net.www.protocol.http.HttpURLConnection.getInputStream(Unknown Source)
	at java.net.HttpURLConnection.getResponseCode(Unknown Source)
	at sun.net.www.protocol.https.HttpsURLConnectionImpl.getResponseCode(Unknown Source)
	at fr.xephi.authme.service.GeoIpService.downloadDatabaseArchive(GeoIpService.java:191)
	at fr.xephi.authme.service.GeoIpService.downloadDatabaseArchive(GeoIpService.java:214)
	at fr.xephi.authme.service.GeoIpService.updateDatabase(GeoIpService.java:140)
	at org.bukkit.craftbukkit.v1_16_R3.scheduler.CraftTask.run(CraftTask.java:100)
	at org.bukkit.craftbukkit.v1_16_R3.scheduler.CraftAsyncTask.run(CraftAsyncTask.java:54)
	at com.destroystokyo.paper.ServerSchedulerReportingWrapper.run(ServerSchedulerReportingWrapper.java:22)
	at java.util.concurrent.ThreadPoolExecutor.runWorker(Unknown Source)
	at java.util.concurrent.ThreadPoolExecutor$Worker.run(Unknown Source)
	at java.lang.Thread.run(Unknown Source)

[04-05 00:15:55]: [INFO] SQLite Setup finished
[04-05 00:15:55]: [INFO] Hooked into Vault!
[04-05 00:15:55]: [INFO] Hooked successfully into Essentials
[04-05 00:15:55]: [INFO] Hooked successfully into Multiverse-Core
[04-05 00:15:55]: [INFO] Essentials spawn file not found: 'C:\Users\ice41\Desktop\cenas\update 1.16.5\plugins\Essentials\spawn.yml'
[04-05 00:15:55]: [INFO] AuthMe 5.6.0-SNAPSHOT build n.2229 correctly enabled!
[04-05 00:15:58]: [INFO] Downloading GEO IP database, because the old database is older than 30 days or doesn't exist
[04-05 00:15:58]: [WARN] Could not download GeoLiteAPI database [UnknownHostException]: geolite.maxmind.com
[04-05 00:15:58]: java.net.UnknownHostException: geolite.maxmind.com
	at java.net.AbstractPlainSocketImpl.connect(Unknown Source)
	at java.net.PlainSocketImpl.connect(Unknown Source)
	at java.net.SocksSocketImpl.connect(Unknown Source)
	at java.net.Socket.connect(Unknown Source)
	at sun.security.ssl.SSLSocketImpl.connect(Unknown Source)
	at sun.security.ssl.BaseSSLSocketImpl.connect(Unknown Source)
	at sun.net.NetworkClient.doConnect(Unknown Source)
	at sun.net.www.http.HttpClient.openServer(Unknown Source)
	at sun.net.www.http.HttpClient.openServer(Unknown Source)
	at sun.net.www.protocol.https.HttpsClient.<init>(Unknown Source)
	at sun.net.www.protocol.https.HttpsClient.New(Unknown Source)
	at sun.net.www.protocol.https.AbstractDelegateHttpsURLConnection.getNewHttpClient(Unknown Source)
	at sun.net.www.protocol.http.HttpURLConnection.plainConnect0(Unknown Source)
	at sun.net.www.protocol.http.HttpURLConnection.plainConnect(Unknown Source)
	at sun.net.www.protocol.https.AbstractDelegateHttpsURLConnection.connect(Unknown Source)
	at sun.net.www.protocol.http.HttpURLConnection.getInputStream0(Unknown Source)
	at sun.net.www.protocol.http.HttpURLConnection.getInputStream(Unknown Source)
	at java.net.HttpURLConnection.getResponseCode(Unknown Source)
	at sun.net.www.protocol.https.HttpsURLConnectionImpl.getResponseCode(Unknown Source)
	at fr.xephi.authme.service.GeoIpService.downloadDatabaseArchive(GeoIpService.java:191)
	at fr.xephi.authme.service.GeoIpService.downloadDatabaseArchive(GeoIpService.java:214)
	at fr.xephi.authme.service.GeoIpService.updateDatabase(GeoIpService.java:140)
	at org.bukkit.craftbukkit.v1_16_R3.scheduler.CraftTask.run(CraftTask.java:100)
	at org.bukkit.craftbukkit.v1_16_R3.scheduler.CraftAsyncTask.run(CraftAsyncTask.java:54)
	at com.destroystokyo.paper.ServerSchedulerReportingWrapper.run(ServerSchedulerReportingWrapper.java:22)
	at java.util.concurrent.ThreadPoolExecutor.runWorker(Unknown Source)
	at java.util.concurrent.ThreadPoolExecutor$Worker.run(Unknown Source)
	at java.lang.Thread.run(Unknown Source)

[04-05 00:20:37]: [INFO] SQLite Setup finished
[04-05 00:20:37]: [INFO] Hooked into Vault!
[04-05 00:20:37]: [INFO] Hooked successfully into Essentials
[04-05 00:20:37]: [INFO] Hooked successfully into Multiverse-Core
[04-05 00:20:37]: [INFO] Essentials spawn file not found: 'C:\Users\ice41\Desktop\cenas\update 1.16.5\plugins\Essentials\spawn.yml'
[04-05 00:20:37]: [INFO] AuthMe 5.6.0-SNAPSHOT build n.2229 correctly enabled!
[04-05 00:20:40]: [INFO] Downloading GEO IP database, because the old database is older than 30 days or doesn't exist
[04-05 00:20:40]: [WARN] Could not download GeoLiteAPI database [UnknownHostException]: geolite.maxmind.com
[04-05 00:20:40]: java.net.UnknownHostException: geolite.maxmind.com
	at java.net.AbstractPlainSocketImpl.connect(Unknown Source)
	at java.net.PlainSocketImpl.connect(Unknown Source)
	at java.net.SocksSocketImpl.connect(Unknown Source)
	at java.net.Socket.connect(Unknown Source)
	at sun.security.ssl.SSLSocketImpl.connect(Unknown Source)
	at sun.security.ssl.BaseSSLSocketImpl.connect(Unknown Source)
	at sun.net.NetworkClient.doConnect(Unknown Source)
	at sun.net.www.http.HttpClient.openServer(Unknown Source)
	at sun.net.www.http.HttpClient.openServer(Unknown Source)
	at sun.net.www.protocol.https.HttpsClient.<init>(Unknown Source)
	at sun.net.www.protocol.https.HttpsClient.New(Unknown Source)
	at sun.net.www.protocol.https.AbstractDelegateHttpsURLConnection.getNewHttpClient(Unknown Source)
	at sun.net.www.protocol.http.HttpURLConnection.plainConnect0(Unknown Source)
	at sun.net.www.protocol.http.HttpURLConnection.plainConnect(Unknown Source)
	at sun.net.www.protocol.https.AbstractDelegateHttpsURLConnection.connect(Unknown Source)
	at sun.net.www.protocol.http.HttpURLConnection.getInputStream0(Unknown Source)
	at sun.net.www.protocol.http.HttpURLConnection.getInputStream(Unknown Source)
	at java.net.HttpURLConnection.getResponseCode(Unknown Source)
	at sun.net.www.protocol.https.HttpsURLConnectionImpl.getResponseCode(Unknown Source)
	at fr.xephi.authme.service.GeoIpService.downloadDatabaseArchive(GeoIpService.java:191)
	at fr.xephi.authme.service.GeoIpService.downloadDatabaseArchive(GeoIpService.java:214)
	at fr.xephi.authme.service.GeoIpService.updateDatabase(GeoIpService.java:140)
	at org.bukkit.craftbukkit.v1_16_R3.scheduler.CraftTask.run(CraftTask.java:100)
	at org.bukkit.craftbukkit.v1_16_R3.scheduler.CraftAsyncTask.run(CraftAsyncTask.java:54)
	at com.destroystokyo.paper.ServerSchedulerReportingWrapper.run(ServerSchedulerReportingWrapper.java:22)
	at java.util.concurrent.ThreadPoolExecutor.runWorker(Unknown Source)
	at java.util.concurrent.ThreadPoolExecutor$Worker.run(Unknown Source)
	at java.lang.Thread.run(Unknown Source)

[04-05 00:21:03]: [FINE] ice41 used the wrong password
[04-05 00:21:06]: [FINE] ice41 logged in!
[04-05 00:22:19]: [INFO] AuthMe 5.6.0-SNAPSHOT-b2229 disabled!
[04-05 00:23:32]: [INFO] SQLite Setup finished
[04-05 00:23:32]: [INFO] Hooked into Vault!
[04-05 00:23:32]: [INFO] Hooked successfully into Essentials
[04-05 00:23:32]: [INFO] Hooked successfully into Multiverse-Core
[04-05 00:23:32]: [INFO] Essentials spawn file not found: 'C:\Users\ice41\Desktop\cenas\update 1.16.5\plugins\Essentials\spawn.yml'
[04-05 00:23:32]: [INFO] AuthMe 5.6.0-SNAPSHOT build n.2229 correctly enabled!
[04-05 00:23:36]: [INFO] Downloading GEO IP database, because the old database is older than 30 days or doesn't exist
[04-05 00:23:36]: [WARN] Could not download GeoLiteAPI database [UnknownHostException]: geolite.maxmind.com
[04-05 00:23:36]: java.net.UnknownHostException: geolite.maxmind.com
	at java.net.AbstractPlainSocketImpl.connect(Unknown Source)
	at java.net.PlainSocketImpl.connect(Unknown Source)
	at java.net.SocksSocketImpl.connect(Unknown Source)
	at java.net.Socket.connect(Unknown Source)
	at sun.security.ssl.SSLSocketImpl.connect(Unknown Source)
	at sun.security.ssl.BaseSSLSocketImpl.connect(Unknown Source)
	at sun.net.NetworkClient.doConnect(Unknown Source)
	at sun.net.www.http.HttpClient.openServer(Unknown Source)
	at sun.net.www.http.HttpClient.openServer(Unknown Source)
	at sun.net.www.protocol.https.HttpsClient.<init>(Unknown Source)
	at sun.net.www.protocol.https.HttpsClient.New(Unknown Source)
	at sun.net.www.protocol.https.AbstractDelegateHttpsURLConnection.getNewHttpClient(Unknown Source)
	at sun.net.www.protocol.http.HttpURLConnection.plainConnect0(Unknown Source)
	at sun.net.www.protocol.http.HttpURLConnection.plainConnect(Unknown Source)
	at sun.net.www.protocol.https.AbstractDelegateHttpsURLConnection.connect(Unknown Source)
	at sun.net.www.protocol.http.HttpURLConnection.getInputStream0(Unknown Source)
	at sun.net.www.protocol.http.HttpURLConnection.getInputStream(Unknown Source)
	at java.net.HttpURLConnection.getResponseCode(Unknown Source)
	at sun.net.www.protocol.https.HttpsURLConnectionImpl.getResponseCode(Unknown Source)
	at fr.xephi.authme.service.GeoIpService.downloadDatabaseArchive(GeoIpService.java:191)
	at fr.xephi.authme.service.GeoIpService.downloadDatabaseArchive(GeoIpService.java:214)
	at fr.xephi.authme.service.GeoIpService.updateDatabase(GeoIpService.java:140)
	at org.bukkit.craftbukkit.v1_16_R3.scheduler.CraftTask.run(CraftTask.java:100)
	at org.bukkit.craftbukkit.v1_16_R3.scheduler.CraftAsyncTask.run(CraftAsyncTask.java:54)
	at com.destroystokyo.paper.ServerSchedulerReportingWrapper.run(ServerSchedulerReportingWrapper.java:22)
	at java.util.concurrent.ThreadPoolExecutor.runWorker(Unknown Source)
	at java.util.concurrent.ThreadPoolExecutor$Worker.run(Unknown Source)
	at java.lang.Thread.run(Unknown Source)

[04-05 00:24:48]: [FINE] ice41 logged in!
[07-31 04:12:21]: [INFO] SQLite Setup finished
[07-31 04:12:21]: [INFO] Hooked into Vault!
[07-31 04:12:21]: [INFO] Hooked successfully into Essentials
[07-31 04:12:21]: [INFO] Hooked successfully into Multiverse-Core
[07-31 04:12:21]: [INFO] Essentials spawn file not found: 'C:\Users\edu_I\OneDrive\Ambiente de Trabalho\cenas\update 1.16.5\plugins\Essentials\spawn.yml'
[07-31 04:12:21]: [WARN] WARNING! The denyTabComplete feature requires ProtocolLib! Disabling it...
[07-31 04:12:21]: [INFO] AuthMe 5.6.0-SNAPSHOT build n.2229 correctly enabled!
[07-31 04:12:22]: [INFO] Downloading GEO IP database, because the old database is older than 30 days or doesn't exist
[07-31 04:12:22]: [WARN] Could not download GeoLiteAPI database [UnknownHostException]: geolite.maxmind.com
[07-31 04:12:22]: java.net.UnknownHostException: geolite.maxmind.com
	at java.base/sun.nio.ch.NioSocketImpl.connect(NioSocketImpl.java:567)
	at java.base/java.net.SocksSocketImpl.connect(SocksSocketImpl.java:327)
	at java.base/java.net.Socket.connect(Socket.java:752)
	at java.base/sun.security.ssl.SSLSocketImpl.connect(SSLSocketImpl.java:304)
	at java.base/sun.security.ssl.BaseSSLSocketImpl.connect(BaseSSLSocketImpl.java:181)
	at java.base/sun.net.NetworkClient.doConnect(NetworkClient.java:183)
	at java.base/sun.net.www.http.HttpClient.openServer(HttpClient.java:531)
	at java.base/sun.net.www.http.HttpClient.openServer(HttpClient.java:636)
	at java.base/sun.net.www.protocol.https.HttpsClient.<init>(HttpsClient.java:264)
	at java.base/sun.net.www.protocol.https.HttpsClient.New(HttpsClient.java:377)
	at java.base/sun.net.www.protocol.https.AbstractDelegateHttpsURLConnection.getNewHttpClient(AbstractDelegateHttpsURLConnection.java:193)
	at java.base/sun.net.www.protocol.http.HttpURLConnection.plainConnect0(HttpURLConnection.java:1243)
	at java.base/sun.net.www.protocol.http.HttpURLConnection.plainConnect(HttpURLConnection.java:1129)
	at java.base/sun.net.www.protocol.https.AbstractDelegateHttpsURLConnection.connect(AbstractDelegateHttpsURLConnection.java:179)
	at java.base/sun.net.www.protocol.http.HttpURLConnection.getInputStream0(HttpURLConnection.java:1691)
	at java.base/sun.net.www.protocol.http.HttpURLConnection.getInputStream(HttpURLConnection.java:1615)
	at java.base/java.net.HttpURLConnection.getResponseCode(HttpURLConnection.java:531)
	at java.base/sun.net.www.protocol.https.HttpsURLConnectionImpl.getResponseCode(HttpsURLConnectionImpl.java:307)
	at AuthMe-5.6.0-SNAPSHOT.jar//fr.xephi.authme.service.GeoIpService.downloadDatabaseArchive(GeoIpService.java:191)
	at AuthMe-5.6.0-SNAPSHOT.jar//fr.xephi.authme.service.GeoIpService.downloadDatabaseArchive(GeoIpService.java:214)
	at AuthMe-5.6.0-SNAPSHOT.jar//fr.xephi.authme.service.GeoIpService.updateDatabase(GeoIpService.java:140)
	at org.bukkit.craftbukkit.scheduler.CraftTask.run(CraftTask.java:86)
	at org.bukkit.craftbukkit.scheduler.CraftAsyncTask.run(CraftAsyncTask.java:57)
	at com.destroystokyo.paper.ServerSchedulerReportingWrapper.run(ServerSchedulerReportingWrapper.java:22)
	at java.base/java.util.concurrent.ThreadPoolExecutor.runWorker(ThreadPoolExecutor.java:1144)
	at java.base/java.util.concurrent.ThreadPoolExecutor$Worker.run(ThreadPoolExecutor.java:642)
	at java.base/java.lang.Thread.run(Thread.java:1570)

[07-31 04:29:51]: [INFO] SQLite Setup finished
[07-31 04:29:51]: [INFO] Hooked into Vault!
[07-31 04:29:51]: [INFO] Added 1 missing keys to your messages_xx.yml file: [error.kick_unresolved_hostname]
[07-31 04:29:51]: [INFO] Hooked successfully into Essentials
[07-31 04:29:51]: [INFO] Hooked successfully into Multiverse-Core
[07-31 04:29:51]: [INFO] Essentials spawn file not found: 'C:\Users\edu_I\OneDrive\Ambiente de Trabalho\cenas\update 1.16.5\plugins\Essentials\spawn.yml'
[07-31 04:29:51]: [WARN] WARNING! The denyTabComplete feature requires ProtocolLib! Disabling it...
[07-31 04:29:52]: [INFO] AuthMe 5.7.0-SNAPSHOT build n.2631 successfully enabled!
[07-31 04:29:52]: [INFO] Downloading GEO IP database, because the old database is older than 30 days or doesn't exist
[07-31 04:29:52]: [WARN] No MaxMind credentials found in the configuration file! GeoIp protections will be disabled.
[07-31 04:29:52]: [INFO] There is no newer GEO IP database uploaded to MaxMind. Using the old one for now.
[07-31 04:29:52]: [INFO] [LICENSE] This product includes GeoLite2 data created by MaxMind, available at https://www.maxmind.com
[07-31 04:37:38]: [INFO] SQLite Setup finished
[07-31 04:37:38]: [INFO] Hooked into Vault!
[07-31 04:37:38]: [INFO] Hooked successfully into Essentials
[07-31 04:37:38]: [INFO] Hooked successfully into Multiverse-Core
[07-31 04:37:38]: [INFO] Essentials spawn file not found: 'C:\Users\edu_I\OneDrive\Ambiente de Trabalho\cenas\update 1.16.5\plugins\Essentials\spawn.yml'
[07-31 04:37:38]: [WARN] WARNING! The denyTabComplete feature requires ProtocolLib! Disabling it...
[07-31 04:37:38]: [INFO] AuthMe 5.7.0-SNAPSHOT build n.2631 successfully enabled!
[07-31 04:37:39]: [INFO] Downloading GEO IP database, because the old database is older than 30 days or doesn't exist
[07-31 04:37:39]: [WARN] No MaxMind credentials found in the configuration file! GeoIp protections will be disabled.
[07-31 04:37:39]: [INFO] There is no newer GEO IP database uploaded to MaxMind. Using the old one for now.
[07-31 04:37:39]: [INFO] [LICENSE] This product includes GeoLite2 data created by MaxMind, available at https://www.maxmind.com
[07-31 11:36:36]: [INFO] SQLite Setup finished
[07-31 11:36:36]: [INFO] Hooked into Vault!
[07-31 11:36:36]: [INFO] Hooked successfully into Essentials
[07-31 11:36:36]: [INFO] Hooked successfully into Multiverse-Core
[07-31 11:36:36]: [INFO] Essentials spawn file not found: 'C:\Users\edu_I\OneDrive\Ambiente de Trabalho\cenas\update 1.16.5\plugins\Essentials\spawn.yml'
[07-31 11:36:37]: [WARN] WARNING! The denyTabComplete feature requires ProtocolLib! Disabling it...
[07-31 11:36:37]: [INFO] AuthMe 5.7.0-SNAPSHOT build n.2631 successfully enabled!
[07-31 11:36:37]: [INFO] Downloading GEO IP database, because the old database is older than 30 days or doesn't exist
[07-31 11:36:37]: [WARN] No MaxMind credentials found in the configuration file! GeoIp protections will be disabled.
[07-31 11:36:37]: [INFO] There is no newer GEO IP database uploaded to MaxMind. Using the old one for now.
[07-31 11:36:37]: [INFO] [LICENSE] This product includes GeoLite2 data created by MaxMind, available at https://www.maxmind.com
[07-31 12:11:00]: [INFO] SQLite Setup finished
[07-31 12:11:01]: [INFO] Hooked into Vault!
[07-31 12:11:01]: [INFO] Hooked successfully into Essentials
[07-31 12:11:01]: [INFO] Hooked successfully into Multiverse-Core
[07-31 12:11:01]: [INFO] Essentials spawn file not found: 'C:\Users\edu_I\OneDrive\Ambiente de Trabalho\cenas\update 1.21\plugins\Essentials\spawn.yml'
[07-31 12:11:01]: [INFO] AuthMe 5.7.0-SNAPSHOT build n.2631 successfully enabled!
[07-31 12:11:01]: [INFO] Downloading GEO IP database, because the old database is older than 30 days or doesn't exist
[07-31 12:11:01]: [WARN] No MaxMind credentials found in the configuration file! GeoIp protections will be disabled.
[07-31 12:11:01]: [INFO] There is no newer GEO IP database uploaded to MaxMind. Using the old one for now.
[07-31 12:11:01]: [INFO] [LICENSE] This product includes GeoLite2 data created by MaxMind, available at https://www.maxmind.com
[07-31 12:11:59]: [INFO] SQLite Setup finished
[07-31 12:11:59]: [INFO] Hooked into Vault!
[07-31 12:11:59]: [INFO] Hooked successfully into Essentials
[07-31 12:11:59]: [INFO] Hooked successfully into Multiverse-Core
[07-31 12:11:59]: [INFO] Essentials spawn file not found: 'C:\Users\edu_I\OneDrive\Ambiente de Trabalho\cenas\update 1.21\plugins\Essentials\spawn.yml'
[07-31 12:11:59]: [INFO] AuthMe 5.7.0-SNAPSHOT build n.2631 successfully enabled!
[07-31 12:12:00]: [INFO] Downloading GEO IP database, because the old database is older than 30 days or doesn't exist
[07-31 12:12:00]: [WARN] No MaxMind credentials found in the configuration file! GeoIp protections will be disabled.
[07-31 12:12:00]: [INFO] There is no newer GEO IP database uploaded to MaxMind. Using the old one for now.
[07-31 12:12:00]: [INFO] [LICENSE] This product includes GeoLite2 data created by MaxMind, available at https://www.maxmind.com
[07-31 12:20:02]: [INFO] SQLite Setup finished
[07-31 12:20:02]: [INFO] Hooked into Vault!
[07-31 12:20:02]: [INFO] Hooked successfully into Essentials
[07-31 12:20:02]: [INFO] Hooked successfully into Multiverse-Core
[07-31 12:20:02]: [INFO] Essentials spawn file not found: 'C:\Users\edu_I\OneDrive\Ambiente de Trabalho\cenas\update 1.21\plugins\Essentials\spawn.yml'
[07-31 12:20:03]: [INFO] AuthMe 5.7.0-SNAPSHOT build n.2631 successfully enabled!
[07-31 12:20:03]: [INFO] Downloading GEO IP database, because the old database is older than 30 days or doesn't exist
[07-31 12:20:03]: [WARN] No MaxMind credentials found in the configuration file! GeoIp protections will be disabled.
[07-31 12:20:03]: [INFO] There is no newer GEO IP database uploaded to MaxMind. Using the old one for now.
[07-31 12:20:03]: [INFO] [LICENSE] This product includes GeoLite2 data created by MaxMind, available at https://www.maxmind.com
[07-31 12:22:14]: [INFO] SQLite Setup finished
[07-31 12:22:14]: [INFO] Hooked into Vault!
[07-31 12:22:14]: [INFO] Hooked successfully into Essentials
[07-31 12:22:14]: [INFO] Hooked successfully into Multiverse-Core
[07-31 12:22:14]: [INFO] Essentials spawn file not found: 'C:\Users\edu_I\OneDrive\Ambiente de Trabalho\cenas\update 1.21\plugins\Essentials\spawn.yml'
[07-31 12:22:15]: [INFO] AuthMe 5.7.0-SNAPSHOT build n.2631 successfully enabled!
[07-31 12:22:15]: [INFO] Downloading GEO IP database, because the old database is older than 30 days or doesn't exist
[07-31 12:22:15]: [WARN] No MaxMind credentials found in the configuration file! GeoIp protections will be disabled.
[07-31 12:22:15]: [INFO] There is no newer GEO IP database uploaded to MaxMind. Using the old one for now.
[07-31 12:22:15]: [INFO] [LICENSE] This product includes GeoLite2 data created by MaxMind, available at https://www.maxmind.com
